{"service":"receiveMomoRequest","contestant_id":"18","channel":"tigo-gh","number":"0267754238","amount":"5.00","nominee_name":"Rocklyn","device":"USSD","request_date":"2022-07-04 00:15:13"}
{"service":"receiveMomoRequest","contestant_id":"8","channel":"mtn-gh","number":"0555632352","amount":"1.00","nominee_name":"Miriam","device":"USSD","request_date":"2022-07-04 06:16:07"}
{"service":"receiveMomoRequest","contestant_id":"5","channel":"tigo-gh","number":"0275506257","amount":"1000.00","nominee_name":"Emefa","device":"USSD","request_date":"2022-07-04 07:05:32"}
{"service":"receiveMomoRequest","contestant_id":"2","channel":"mtn-gh","number":"0594185510","amount":"100.00","nominee_name":"Francisca","device":"USSD","request_date":"2022-07-04 09:08:33"}
{"service":"receiveMomoRequest","contestant_id":"2","channel":"mtn-gh","number":"0594185510","amount":"100.00","nominee_name":"Francisca","device":"USSD","request_date":"2022-07-04 09:09:21"}
{"service":"receiveMomoRequest","contestant_id":"2","channel":"mtn-gh","number":"0594185510","amount":"50.00","nominee_name":"Francisca","device":"USSD","request_date":"2022-07-04 09:10:49"}
{"service":"receiveMomoRequest","contestant_id":"16","channel":"mtn-gh","number":"0243140069","amount":"500.00","nominee_name":"Yirenkyiwaa","device":"USSD","request_date":"2022-07-04 09:18:57"}
{"service":"receiveMomoRequest","contestant_id":"8","channel":"mtn-gh","number":"0256257616","amount":null,"nominee_name":"Miriam","device":"USSD","request_date":"2022-07-04 09:31:58"}
{"service":"receiveMomoRequest","contestant_id":"8","channel":"tigo-gh","number":"0574112360","amount":"1.00","nominee_name":"Miriam","device":"USSD","request_date":"2022-07-04 10:01:16"}
{"service":"receiveMomoRequest","contestant_id":"16","channel":"mtn-gh","number":"0243140069","amount":null,"nominee_name":"Yirenkyiwaa","device":"USSD","request_date":"2022-07-04 10:02:38"}
{"service":"receiveMomoRequest","contestant_id":"15","channel":"tigo-gh","number":"0279046212","amount":"50.00","nominee_name":"Esi","device":"USSD","request_date":"2022-07-04 10:03:17"}
{"service":"receiveMomoRequest","contestant_id":"2","channel":"mtn-gh","number":"0594185510","amount":"10.00","nominee_name":"Francisca","device":"USSD","request_date":"2022-07-04 10:48:02"}
{"service":"receiveMomoRequest","contestant_id":"18","channel":"mtn-gh","number":"0553123699","amount":"5.00","nominee_name":"Rocklyn","device":"USSD","request_date":"2022-07-04 10:56:10"}
{"service":"receiveMomoRequest","contestant_id":"18","channel":"mtn-gh","number":"0553123699","amount":"5.00","nominee_name":"Rocklyn","device":"USSD","request_date":"2022-07-04 10:57:10"}
{"service":"receiveMomoRequest","contestant_id":"17","channel":"mtn-gh","number":"0593106081","amount":"10.00","nominee_name":"Cassie","device":"USSD","request_date":"2022-07-04 11:41:52"}
{"service":"receiveMomoRequest","contestant_id":"8","channel":"mtn-gh","number":"0598125027","amount":"1.00","nominee_name":"Miriam","device":"USSD","request_date":"2022-07-04 12:03:35"}
{"service":"receiveMomoRequest","contestant_id":"16","channel":"vodafone-gh-ussd","number":"0504902511","amount":"10.00","nominee_name":"Yirenkyiwaa","device":"USSD","request_date":"2022-07-04 12:29:17"}
{"service":"receiveMomoRequest","contestant_id":"16","channel":"vodafone-gh-ussd","number":"0504902511","amount":"10.00","nominee_name":"Yirenkyiwaa","device":"USSD","request_date":"2022-07-04 12:30:29"}
{"service":"receiveMomoRequest","contestant_id":"16","channel":"tigo-gh","number":"0578248077","amount":"10.00","nominee_name":"Yirenkyiwaa","device":"USSD","request_date":"2022-07-04 12:32:43"}
{"service":"receiveMomoRequest","contestant_id":"17","channel":"mtn-gh","number":"0242701953","amount":"50.00","nominee_name":"Cassie","device":"USSD","request_date":"2022-07-04 12:53:55"}
{"service":"receiveMomoRequest","contestant_id":"2","channel":"mtn-gh","number":"0594185510","amount":"10.00","nominee_name":"Francisca","device":"USSD","request_date":"2022-07-04 13:17:56"}
{"service":"receiveMomoRequest","contestant_id":"2","channel":"mtn-gh","number":"0594185510","amount":"10.00","nominee_name":"Francisca","device":"USSD","request_date":"2022-07-04 13:18:27"}
{"service":"receiveMomoRequest","contestant_id":"17","channel":"mtn-gh","number":"0247075746","amount":"1.00","nominee_name":"Cassie","device":"USSD","request_date":"2022-07-04 13:43:13"}
{"service":"receiveMomoRequest","contestant_id":"18","channel":"vodafone-gh-ussd","number":"0204687262","amount":"1.00","nominee_name":"Rocklyn","device":"USSD","request_date":"2022-07-04 13:50:44"}
{"service":"receiveMomoRequest","contestant_id":"16","channel":"mtn-gh","number":"0243140069","amount":"1000.00","nominee_name":"Yirenkyiwaa","device":"USSD","request_date":"2022-07-04 14:53:54"}
{"service":"receiveMomoRequest","contestant_id":"16","channel":"mtn-gh","number":"0243140069","amount":"500.00","nominee_name":"Yirenkyiwaa","device":"USSD","request_date":"2022-07-04 15:06:27"}
{"service":"receiveMomoRequest","contestant_id":"3","channel":"mtn-gh","number":"0244432363","amount":"50.00","nominee_name":"Irene Vanessa","device":"USSD","request_date":"2022-07-04 15:23:42"}
{"service":"receiveMomoRequest","contestant_id":"7","channel":"mtn-gh","number":"0244240730","amount":"100.00","nominee_name":"Mimi","device":"USSD","request_date":"2022-07-04 16:02:50"}
{"service":"receiveMomoRequest","contestant_id":"16","channel":"mtn-gh","number":"0243140069","amount":"100.00","nominee_name":"Yirenkyiwaa","device":"USSD","request_date":"2022-07-04 16:03:47"}
{"service":"receiveMomoRequest","contestant_id":"7","channel":"mtn-gh","number":"0244240730","amount":null,"nominee_name":"Mimi","device":"USSD","request_date":"2022-07-04 16:04:51"}
{"service":"receiveMomoRequest","contestant_id":"16","channel":"mtn-gh","number":"0243140069","amount":"100.00","nominee_name":"Yirenkyiwaa","device":"USSD","request_date":"2022-07-04 16:04:59"}
{"service":"receiveMomoRequest","contestant_id":"16","channel":"mtn-gh","number":"0243140069","amount":"100.00","nominee_name":"Yirenkyiwaa","device":"USSD","request_date":"2022-07-04 16:05:54"}
{"service":"receiveMomoRequest","contestant_id":"7","channel":"mtn-gh","number":"0244240730","amount":"1000.00","nominee_name":"Mimi","device":"USSD","request_date":"2022-07-04 16:06:13"}
{"service":"receiveMomoRequest","contestant_id":"8","channel":"mtn-gh","number":"0245082249","amount":null,"nominee_name":"Miriam","device":"USSD","request_date":"2022-07-04 16:07:00"}
{"service":"receiveMomoRequest","contestant_id":"16","channel":"mtn-gh","number":"0243140069","amount":"100.00","nominee_name":"Yirenkyiwaa","device":"USSD","request_date":"2022-07-04 16:07:06"}
{"service":"receiveMomoRequest","contestant_id":"7","channel":"mtn-gh","number":"0244240730","amount":"1000.00","nominee_name":"Mimi","device":"USSD","request_date":"2022-07-04 16:08:06"}
{"service":"receiveMomoRequest","contestant_id":"7","channel":"mtn-gh","number":"0244240730","amount":"500.00","nominee_name":"Mimi","device":"USSD","request_date":"2022-07-04 16:14:54"}
{"service":"receiveMomoRequest","contestant_id":"7","channel":"mtn-gh","number":"0244240730","amount":"500.00","nominee_name":"Mimi","device":"USSD","request_date":"2022-07-04 16:15:37"}
{"service":"receiveMomoRequest","contestant_id":"7","channel":"mtn-gh","number":"0244240730","amount":"500.00","nominee_name":"Mimi","device":"USSD","request_date":"2022-07-04 16:16:50"}
{"service":"receiveMomoRequest","contestant_id":"2","channel":"mtn-gh","number":"0599975352","amount":"1.00","nominee_name":"Francisca","device":"USSD","request_date":"2022-07-04 19:18:55"}
{"service":"receiveMomoRequest","contestant_id":"2","channel":"mtn-gh","number":"0244148739","amount":"10.00","nominee_name":"Francisca","device":"USSD","request_date":"2022-07-04 19:20:21"}
{"service":"receiveMomoRequest","contestant_id":"2","channel":"mtn-gh","number":"0244148739","amount":"10.00","nominee_name":"Francisca","device":"USSD","request_date":"2022-07-04 19:21:03"}
{"service":"receiveMomoRequest","contestant_id":"11","channel":"mtn-gh","number":"0543468800","amount":"500.00","nominee_name":"Florence","device":"USSD","request_date":"2022-07-04 19:26:55"}
{"service":"receiveMomoRequest","contestant_id":"11","channel":"mtn-gh","number":"0543468800","amount":"500.00","nominee_name":"Florence","device":"USSD","request_date":"2022-07-04 19:30:47"}
{"service":"receiveMomoRequest","contestant_id":"3","channel":"mtn-gh","number":"0244621869","amount":"10.00","nominee_name":"Irene Vanessa","device":"USSD","request_date":"2022-07-04 19:48:44"}
{"service":"receiveMomoRequest","contestant_id":"2","channel":"mtn-gh","number":"0554673455","amount":"5.00","nominee_name":"Francisca","device":"USSD","request_date":"2022-07-04 19:51:54"}
{"service":"receiveMomoRequest","contestant_id":"13","channel":"mtn-gh","number":"0554191811","amount":"5.00","nominee_name":"Angela","device":"USSD","request_date":"2022-07-04 22:59:46"}
