{"service":"receiveMomoRequest","contestant_id":"16","channel":"mtn-gh","number":"0243554554","amount":"10.00","nominee_name":"Yirenkyiwaa","device":"USSD","request_date":"2022-07-08 01:04:49"}
{"service":"receiveMomoRequest","contestant_id":"17","channel":"vodafone-gh-ussd","number":"0209353486","amount":"1.00","nominee_name":"Cassie","device":"USSD","request_date":"2022-07-08 01:24:12"}
{"service":"receiveMomoRequest","contestant_id":"17","channel":"mtn-gh","number":"0247021823","amount":"1.00","nominee_name":"Cassie","device":"USSD","request_date":"2022-07-08 06:15:23"}
{"service":"receiveMomoRequest","contestant_id":"17","channel":"mtn-gh","number":"0247021823","amount":"1000.00","nominee_name":"Cassie","device":"USSD","request_date":"2022-07-08 06:16:22"}
{"service":"receiveMomoRequest","contestant_id":"3","channel":"mtn-gh","number":"0244621869","amount":"10.00","nominee_name":"Irene Vanessa","device":"USSD","request_date":"2022-07-08 06:41:29"}
{"service":"receiveMomoRequest","contestant_id":"9","channel":"mtn-gh","number":"0540242216","amount":"100.00","nominee_name":"Esther","device":"USSD","request_date":"2022-07-08 07:01:16"}
{"service":"receiveMomoRequest","contestant_id":"3","channel":"mtn-gh","number":"0244707797","amount":"50.00","nominee_name":"Irene Vanessa","device":"USSD","request_date":"2022-07-08 08:05:17"}
{"service":"receiveMomoRequest","contestant_id":"7","channel":"mtn-gh","number":"0548392450","amount":"10.00","nominee_name":"Mimi","device":"USSD","request_date":"2022-07-08 08:51:56"}
{"service":"receiveMomoRequest","contestant_id":"8","channel":"mtn-gh","number":"0540234420","amount":null,"nominee_name":"Miriam","device":"USSD","request_date":"2022-07-08 08:52:23"}
{"service":"receiveMomoRequest","contestant_id":"8","channel":"mtn-gh","number":"0245082249","amount":"5.00","nominee_name":"Miriam","device":"USSD","request_date":"2022-07-08 08:52:38"}
{"service":"receiveMomoRequest","contestant_id":"8","channel":"mtn-gh","number":"0241026636","amount":null,"nominee_name":"Miriam","device":"USSD","request_date":"2022-07-08 08:53:07"}
{"service":"receiveMomoRequest","contestant_id":"8","channel":"mtn-gh","number":"0245082249","amount":null,"nominee_name":"Miriam","device":"USSD","request_date":"2022-07-08 08:54:00"}
{"service":"receiveMomoRequest","contestant_id":"8","channel":"mtn-gh","number":"0598237820","amount":"1.00","nominee_name":"Miriam","device":"USSD","request_date":"2022-07-08 08:54:00"}
{"service":"receiveMomoRequest","contestant_id":"8","channel":"mtn-gh","number":"0598237820","amount":"1.00","nominee_name":"Miriam","device":"USSD","request_date":"2022-07-08 08:54:51"}
{"service":"receiveMomoRequest","contestant_id":"8","channel":"mtn-gh","number":"0245082249","amount":"50.00","nominee_name":"Miriam","device":"USSD","request_date":"2022-07-08 08:56:28"}
{"service":"receiveMomoRequest","contestant_id":"6","channel":"mtn-gh","number":"0555899263","amount":null,"nominee_name":"Rebecca","device":"USSD","request_date":"2022-07-08 09:04:16"}
{"service":"receiveMomoRequest","contestant_id":"8","channel":"mtn-gh","number":"0548225854","amount":null,"nominee_name":"Miriam","device":"USSD","request_date":"2022-07-08 09:04:17"}
{"service":"receiveMomoRequest","contestant_id":"1","channel":"mtn-gh","number":"0247845345","amount":null,"nominee_name":"Baroness","device":"USSD","request_date":"2022-07-08 09:04:24"}
{"service":"receiveMomoRequest","contestant_id":"8","channel":"mtn-gh","number":"0555246220","amount":"1.00","nominee_name":"Miriam","device":"USSD","request_date":"2022-07-08 09:04:28"}
{"service":"receiveMomoRequest","contestant_id":"8","channel":"mtn-gh","number":"0551531044","amount":"5.00","nominee_name":"Miriam","device":"USSD","request_date":"2022-07-08 09:04:57"}
{"service":"receiveMomoRequest","contestant_id":"8","channel":"tigo-gh","number":"0262278323","amount":null,"nominee_name":"Miriam","device":"USSD","request_date":"2022-07-08 09:05:04"}
{"service":"receiveMomoRequest","contestant_id":"1","channel":"mtn-gh","number":"0544503938","amount":null,"nominee_name":"Baroness","device":"USSD","request_date":"2022-07-08 09:05:06"}
{"service":"receiveMomoRequest","contestant_id":"8","channel":"mtn-gh","number":"0548161390","amount":"1.00","nominee_name":"Miriam","device":"USSD","request_date":"2022-07-08 09:05:43"}
{"service":"receiveMomoRequest","contestant_id":"8","channel":"mtn-gh","number":"0545493833","amount":"1.00","nominee_name":"Miriam","device":"USSD","request_date":"2022-07-08 09:06:09"}
{"service":"receiveMomoRequest","contestant_id":"8","channel":"mtn-gh","number":"0544503938","amount":null,"nominee_name":"Miriam","device":"USSD","request_date":"2022-07-08 09:06:41"}
{"service":"receiveMomoRequest","contestant_id":"8","channel":"mtn-gh","number":"0597472557","amount":"1.00","nominee_name":"Miriam","device":"USSD","request_date":"2022-07-08 09:06:48"}
{"service":"receiveMomoRequest","contestant_id":"1","channel":"mtn-gh","number":"0548170946","amount":null,"nominee_name":"Baroness","device":"USSD","request_date":"2022-07-08 09:07:44"}
{"service":"receiveMomoRequest","contestant_id":"8","channel":"mtn-gh","number":"0249531073","amount":null,"nominee_name":"Miriam","device":"USSD","request_date":"2022-07-08 09:07:47"}
{"service":"receiveMomoRequest","contestant_id":"8","channel":"mtn-gh","number":"0557616970","amount":null,"nominee_name":"Miriam","device":"USSD","request_date":"2022-07-08 09:07:51"}
{"service":"receiveMomoRequest","contestant_id":"8","channel":"mtn-gh","number":"0240346092","amount":null,"nominee_name":"Miriam","device":"USSD","request_date":"2022-07-08 09:08:15"}
{"service":"receiveMomoRequest","contestant_id":"8","channel":"mtn-gh","number":"0543745606","amount":null,"nominee_name":"Miriam","device":"USSD","request_date":"2022-07-08 09:08:18"}
{"service":"receiveMomoRequest","contestant_id":"8","channel":"mtn-gh","number":"0541517703","amount":null,"nominee_name":"Miriam","device":"USSD","request_date":"2022-07-08 09:08:36"}
{"service":"receiveMomoRequest","contestant_id":"8","channel":"mtn-gh","number":"0544503938","amount":null,"nominee_name":"Miriam","device":"USSD","request_date":"2022-07-08 09:08:38"}
{"service":"receiveMomoRequest","contestant_id":"8","channel":"mtn-gh","number":"0547311958","amount":null,"nominee_name":"Miriam","device":"USSD","request_date":"2022-07-08 09:08:57"}
{"service":"receiveMomoRequest","contestant_id":"8","channel":"mtn-gh","number":"0246277319","amount":null,"nominee_name":"Miriam","device":"USSD","request_date":"2022-07-08 09:08:59"}
{"service":"receiveMomoRequest","contestant_id":"8","channel":"mtn-gh","number":"0594681967","amount":null,"nominee_name":"Miriam","device":"USSD","request_date":"2022-07-08 09:09:20"}
{"service":"receiveMomoRequest","contestant_id":"8","channel":"vodafone-gh-ussd","number":"0208826081","amount":null,"nominee_name":"Miriam","device":"USSD","request_date":"2022-07-08 09:09:24"}
{"service":"receiveMomoRequest","contestant_id":"8","channel":"mtn-gh","number":"0249148629","amount":null,"nominee_name":"Miriam","device":"USSD","request_date":"2022-07-08 09:09:29"}
{"service":"receiveMomoRequest","contestant_id":"8","channel":"mtn-gh","number":"0595530957","amount":null,"nominee_name":"Miriam","device":"USSD","request_date":"2022-07-08 09:09:34"}
{"service":"receiveMomoRequest","contestant_id":"8","channel":"mtn-gh","number":"0248441326","amount":"1.00","nominee_name":"Miriam","device":"USSD","request_date":"2022-07-08 09:09:40"}
{"service":"receiveMomoRequest","contestant_id":"8","channel":"mtn-gh","number":"0242012008","amount":null,"nominee_name":"Miriam","device":"USSD","request_date":"2022-07-08 09:09:41"}
{"service":"receiveMomoRequest","contestant_id":"8","channel":"mtn-gh","number":"0249416249","amount":null,"nominee_name":"Miriam","device":"USSD","request_date":"2022-07-08 09:10:12"}
{"service":"receiveMomoRequest","contestant_id":"8","channel":"mtn-gh","number":"0544858964","amount":null,"nominee_name":"Miriam","device":"USSD","request_date":"2022-07-08 09:10:14"}
{"service":"receiveMomoRequest","contestant_id":"12","channel":"mtn-gh","number":"0544046811","amount":null,"nominee_name":"Dzifa","device":"USSD","request_date":"2022-07-08 09:10:24"}
{"service":"receiveMomoRequest","contestant_id":"8","channel":"mtn-gh","number":"0242016385","amount":null,"nominee_name":"Miriam","device":"USSD","request_date":"2022-07-08 09:11:26"}
{"service":"receiveMomoRequest","contestant_id":"8","channel":"mtn-gh","number":"0242012008","amount":null,"nominee_name":"Miriam","device":"USSD","request_date":"2022-07-08 09:11:29"}
{"service":"receiveMomoRequest","contestant_id":"2","channel":"mtn-gh","number":"0247922610","amount":null,"nominee_name":"Francisca","device":"USSD","request_date":"2022-07-08 09:11:29"}
{"service":"receiveMomoRequest","contestant_id":"1","channel":"mtn-gh","number":"0247922610","amount":null,"nominee_name":"Baroness","device":"USSD","request_date":"2022-07-08 09:12:33"}
{"service":"receiveMomoRequest","contestant_id":"3","channel":"mtn-gh","number":"0558724765","amount":"5.00","nominee_name":"Irene Vanessa","device":"USSD","request_date":"2022-07-08 09:13:07"}
{"service":"receiveMomoRequest","contestant_id":"8","channel":"mtn-gh","number":"0550601234","amount":"10.00","nominee_name":"Miriam","device":"USSD","request_date":"2022-07-08 09:14:48"}
{"service":"receiveMomoRequest","contestant_id":"8","channel":"vodafone-gh-ussd","number":"0505774971","amount":null,"nominee_name":"Miriam","device":"USSD","request_date":"2022-07-08 09:27:18"}
{"service":"receiveMomoRequest","contestant_id":"16","channel":"mtn-gh","number":"0545100394","amount":"1.00","nominee_name":"Yirenkyiwaa","device":"USSD","request_date":"2022-07-08 09:38:08"}
{"service":"receiveMomoRequest","contestant_id":"8","channel":"mtn-gh","number":"0245209923","amount":"10.00","nominee_name":"Miriam","device":"USSD","request_date":"2022-07-08 09:40:52"}
{"service":"receiveMomoRequest","contestant_id":"8","channel":"mtn-gh","number":"0592455214","amount":"1.00","nominee_name":"Miriam","device":"USSD","request_date":"2022-07-08 09:45:44"}
{"service":"receiveMomoRequest","contestant_id":"2","channel":"mtn-gh","number":"0548170946","amount":"100.00","nominee_name":"Francisca","device":"USSD","request_date":"2022-07-08 09:47:31"}
{"service":"receiveMomoRequest","contestant_id":"6","channel":"mtn-gh","number":"0543645688","amount":"1.00","nominee_name":"Rebecca","device":"USSD","request_date":"2022-07-08 09:54:38"}
{"service":"receiveMomoRequest","contestant_id":"1","channel":"mtn-gh","number":"0548170946","amount":"1.00","nominee_name":"Baroness","device":"USSD","request_date":"2022-07-08 10:51:05"}
{"service":"receiveMomoRequest","contestant_id":"3","channel":"mtn-gh","number":"0540722269","amount":"50.00","nominee_name":"Irene Vanessa","device":"USSD","request_date":"2022-07-08 10:52:10"}
{"service":"receiveMomoRequest","contestant_id":"8","channel":"mtn-gh","number":"0242570067","amount":"1.00","nominee_name":"Miriam","device":"USSD","request_date":"2022-07-08 11:02:57"}
{"service":"receiveMomoRequest","contestant_id":"8","channel":"mtn-gh","number":"0246534552","amount":"1.00","nominee_name":"Miriam","device":"USSD","request_date":"2022-07-08 12:43:02"}
{"service":"receiveMomoRequest","contestant_id":"8","channel":"mtn-gh","number":"0594681967","amount":"5.00","nominee_name":"Miriam","device":"USSD","request_date":"2022-07-08 12:56:24"}
{"service":"receiveMomoRequest","contestant_id":"7","channel":"mtn-gh","number":"0551523620","amount":"10.00","nominee_name":"Mimi","device":"USSD","request_date":"2022-07-08 13:12:34"}
{"service":"receiveMomoRequest","contestant_id":"12","channel":"mtn-gh","number":"0244890343","amount":"50.00","nominee_name":"Dzifa","device":"USSD","request_date":"2022-07-08 13:35:53"}
{"service":"receiveMomoRequest","contestant_id":"8","channel":"mtn-gh","number":"0595925299","amount":"1.00","nominee_name":"Miriam","device":"USSD","request_date":"2022-07-08 13:37:36"}
{"service":"receiveMomoRequest","contestant_id":"8","channel":"mtn-gh","number":"0595925299","amount":"5.00","nominee_name":"Miriam","device":"USSD","request_date":"2022-07-08 13:39:10"}
{"service":"receiveMomoRequest","contestant_id":"11","channel":"mtn-gh","number":"0247730372","amount":"5.00","nominee_name":"Florence","device":"USSD","request_date":"2022-07-08 13:56:33"}
{"service":"receiveMomoRequest","contestant_id":"17","channel":"mtn-gh","number":"0242302950","amount":"10.00","nominee_name":"Cassie","device":"USSD","request_date":"2022-07-08 13:57:18"}
{"service":"receiveMomoRequest","contestant_id":"7","channel":"mtn-gh","number":"0243861885","amount":"5.00","nominee_name":"Mimi","device":"USSD","request_date":"2022-07-08 14:14:41"}
{"service":"receiveMomoRequest","contestant_id":"16","channel":"mtn-gh","number":"0547726008","amount":"5.00","nominee_name":"Yirenkyiwaa","device":"USSD","request_date":"2022-07-08 15:53:15"}
{"service":"receiveMomoRequest","contestant_id":"16","channel":"mtn-gh","number":"0547726008","amount":"10.00","nominee_name":"Yirenkyiwaa","device":"USSD","request_date":"2022-07-08 15:55:13"}
{"service":"receiveMomoRequest","contestant_id":"12","channel":"mtn-gh","number":"0244890343","amount":"50.00","nominee_name":"Dzifa","device":"USSD","request_date":"2022-07-08 15:56:19"}
