{"service":"receiveMomoRequest","contestant_id":"7","channel":"mtn-gh","number":"0540515027","amount":"10.00","nominee_name":"Mimi","device":"USSD","request_date":"2022-07-07 06:40:22"}
{"service":"receiveMomoRequest","contestant_id":"7","channel":"mtn-gh","number":"0540515027","amount":"10.00","nominee_name":"Mimi","device":"USSD","request_date":"2022-07-07 06:41:13"}
{"service":"receiveMomoRequest","contestant_id":"8","channel":"mtn-gh","number":"0243986446","amount":"1.00","nominee_name":"Miriam","device":"USSD","request_date":"2022-07-07 07:25:27"}
{"service":"receiveMomoRequest","contestant_id":"7","channel":"mtn-gh","number":"0553111741","amount":"10.00","nominee_name":"Mimi","device":"USSD","request_date":"2022-07-07 08:19:04"}
{"service":"receiveMomoRequest","contestant_id":"12","channel":"mtn-gh","number":"0540242216","amount":"100.00","nominee_name":"Dzifa","device":"USSD","request_date":"2022-07-07 08:26:04"}
{"service":"receiveMomoRequest","contestant_id":"8","channel":"mtn-gh","number":"0540242216","amount":"100.00","nominee_name":"Miriam","device":"USSD","request_date":"2022-07-07 08:27:06"}
{"service":"receiveMomoRequest","contestant_id":"7","channel":"mtn-gh","number":"0557831210","amount":"500.00","nominee_name":"Mimi","device":"USSD","request_date":"2022-07-07 08:34:39"}
{"service":"receiveMomoRequest","contestant_id":"8","channel":"mtn-gh","number":"0544942390","amount":"10.00","nominee_name":"Miriam","device":"USSD","request_date":"2022-07-07 09:01:12"}
{"service":"receiveMomoRequest","contestant_id":"8","channel":"mtn-gh","number":"0594681967","amount":"1.00","nominee_name":"Miriam","device":"USSD","request_date":"2022-07-07 09:41:06"}
{"service":"receiveMomoRequest","contestant_id":"6","channel":"mtn-gh","number":"0555853839","amount":"100.00","nominee_name":"Rebecca","device":"USSD","request_date":"2022-07-07 10:14:46"}
{"service":"receiveMomoRequest","contestant_id":"3","channel":"mtn-gh","number":"0554578582","amount":null,"nominee_name":"Irene Vanessa","device":"USSD","request_date":"2022-07-07 10:27:31"}
{"service":"receiveMomoRequest","contestant_id":"3","channel":"mtn-gh","number":"0550648163","amount":"1.00","nominee_name":"Irene Vanessa","device":"USSD","request_date":"2022-07-07 10:27:35"}
{"service":"receiveMomoRequest","contestant_id":"15","channel":"mtn-gh","number":"0240108074","amount":"1.00","nominee_name":"Esi","device":"USSD","request_date":"2022-07-07 10:33:19"}
{"service":"receiveMomoRequest","contestant_id":"7","channel":"mtn-gh","number":"0545828452","amount":"5.00","nominee_name":"Mimi","device":"USSD","request_date":"2022-07-07 11:27:54"}
{"service":"receiveMomoRequest","contestant_id":"7","channel":"tigo-gh","number":"0573864483","amount":"1.00","nominee_name":"Mimi","device":"USSD","request_date":"2022-07-07 11:43:28"}
{"service":"receiveMomoRequest","contestant_id":"7","channel":"mtn-gh","number":"0598487421","amount":"50.00","nominee_name":"Mimi","device":"USSD","request_date":"2022-07-07 11:57:34"}
{"service":"receiveMomoRequest","contestant_id":"7","channel":"mtn-gh","number":"0598487421","amount":"50.00","nominee_name":"Mimi","device":"USSD","request_date":"2022-07-07 11:59:04"}
{"service":"receiveMomoRequest","contestant_id":"3","channel":"mtn-gh","number":"0244707797","amount":"50.00","nominee_name":"Irene Vanessa","device":"USSD","request_date":"2022-07-07 12:05:57"}
{"service":"receiveMomoRequest","contestant_id":"3","channel":"mtn-gh","number":"0244707797","amount":"50.00","nominee_name":"Irene Vanessa","device":"USSD","request_date":"2022-07-07 12:06:50"}
{"service":"receiveMomoRequest","contestant_id":"1","channel":"mtn-gh","number":"0244480008","amount":"50.00","nominee_name":"Baroness","device":"USSD","request_date":"2022-07-07 16:34:18"}
{"service":"receiveMomoRequest","contestant_id":"2","channel":"mtn-gh","number":"0244480008","amount":"1.00","nominee_name":"Francisca","device":"USSD","request_date":"2022-07-07 16:35:35"}
{"service":"receiveMomoRequest","contestant_id":"8","channel":"mtn-gh","number":"0546519352","amount":"1.00","nominee_name":"Miriam","device":"USSD","request_date":"2022-07-07 16:36:52"}
{"service":"receiveMomoRequest","contestant_id":"8","channel":"mtn-gh","number":"0546519352","amount":"1.00","nominee_name":"Miriam","device":"USSD","request_date":"2022-07-07 16:37:37"}
{"service":"receiveMomoRequest","contestant_id":"16","channel":"vodafone-gh-ussd","number":"0500115209","amount":"10.00","nominee_name":"Yirenkyiwaa","device":"USSD","request_date":"2022-07-07 17:05:06"}
{"service":"receiveMomoRequest","contestant_id":"16","channel":"mtn-gh","number":"0541174569","amount":"50.00","nominee_name":"Yirenkyiwaa","device":"USSD","request_date":"2022-07-07 17:06:03"}
{"service":"receiveMomoRequest","contestant_id":"17","channel":"mtn-gh","number":"0554935048","amount":"5.00","nominee_name":"Cassie","device":"USSD","request_date":"2022-07-07 17:10:14"}
{"service":"receiveMomoRequest","contestant_id":"3","channel":"tigo-gh","number":"0266698927","amount":"10.00","nominee_name":"Irene Vanessa","device":"USSD","request_date":"2022-07-07 17:14:43"}
{"service":"receiveMomoRequest","contestant_id":"3","channel":"tigo-gh","number":"0266698927","amount":"100.00","nominee_name":"Irene Vanessa","device":"USSD","request_date":"2022-07-07 17:16:03"}
{"service":"receiveMomoRequest","contestant_id":"8","channel":"mtn-gh","number":"0243181622","amount":"50.00","nominee_name":"Miriam","device":"USSD","request_date":"2022-07-07 17:28:25"}
{"service":"receiveMomoRequest","contestant_id":"16","channel":"mtn-gh","number":"0248221864","amount":"50.00","nominee_name":"Yirenkyiwaa","device":"USSD","request_date":"2022-07-07 17:36:40"}
{"service":"receiveMomoRequest","contestant_id":"17","channel":"mtn-gh","number":"0241978434","amount":"5.00","nominee_name":"Cassie","device":"USSD","request_date":"2022-07-07 18:00:41"}
{"service":"receiveMomoRequest","contestant_id":"17","channel":"mtn-gh","number":"0241978434","amount":"5.00","nominee_name":"Cassie","device":"USSD","request_date":"2022-07-07 18:01:29"}
{"service":"receiveMomoRequest","contestant_id":"17","channel":"mtn-gh","number":"0544723098","amount":"1.00","nominee_name":"Cassie","device":"USSD","request_date":"2022-07-07 18:14:01"}
{"service":"receiveMomoRequest","contestant_id":"16","channel":"mtn-gh","number":"0546335127","amount":"10.00","nominee_name":"Yirenkyiwaa","device":"USSD","request_date":"2022-07-07 18:37:55"}
{"service":"receiveMomoRequest","contestant_id":"16","channel":"mtn-gh","number":"0546335127","amount":"10.00","nominee_name":"Yirenkyiwaa","device":"USSD","request_date":"2022-07-07 18:38:36"}
{"service":"receiveMomoRequest","contestant_id":"16","channel":"mtn-gh","number":"0546612549","amount":"10.00","nominee_name":"Yirenkyiwaa","device":"USSD","request_date":"2022-07-07 18:53:26"}
{"service":"receiveMomoRequest","contestant_id":"17","channel":"mtn-gh","number":"0243292404","amount":"10.00","nominee_name":"Cassie","device":"USSD","request_date":"2022-07-07 18:55:54"}
{"service":"receiveMomoRequest","contestant_id":"17","channel":"mtn-gh","number":"0243292404","amount":"10.00","nominee_name":"Cassie","device":"USSD","request_date":"2022-07-07 18:57:19"}
{"service":"receiveMomoRequest","contestant_id":"17","channel":"mtn-gh","number":"0242302950","amount":"10.00","nominee_name":"Cassie","device":"USSD","request_date":"2022-07-07 18:58:14"}
{"service":"receiveMomoRequest","contestant_id":"17","channel":"mtn-gh","number":"0242302950","amount":"10.00","nominee_name":"Cassie","device":"USSD","request_date":"2022-07-07 18:59:39"}
{"service":"receiveMomoRequest","contestant_id":"17","channel":"vodafone-gh-ussd","number":"0203848466","amount":"10.00","nominee_name":"Cassie","device":"USSD","request_date":"2022-07-07 19:01:46"}
{"service":"receiveMomoRequest","contestant_id":"17","channel":"mtn-gh","number":"0242302950","amount":"10.00","nominee_name":"Cassie","device":"USSD","request_date":"2022-07-07 19:02:45"}
{"service":"receiveMomoRequest","contestant_id":"16","channel":"mtn-gh","number":"0242787728","amount":"1.00","nominee_name":"Yirenkyiwaa","device":"USSD","request_date":"2022-07-07 19:15:46"}
{"service":"receiveMomoRequest","contestant_id":"8","channel":"mtn-gh","number":"0556409076","amount":"1.00","nominee_name":"Miriam","device":"USSD","request_date":"2022-07-07 19:38:18"}
{"service":"receiveMomoRequest","contestant_id":"8","channel":"mtn-gh","number":"0556409076","amount":"1.00","nominee_name":"Miriam","device":"USSD","request_date":"2022-07-07 19:39:14"}
{"service":"receiveMomoRequest","contestant_id":"16","channel":"vodafone-gh-ussd","number":"0201138822","amount":"1.00","nominee_name":"Yirenkyiwaa","device":"USSD","request_date":"2022-07-07 19:43:29"}
{"service":"receiveMomoRequest","contestant_id":"3","channel":"mtn-gh","number":"0244157601","amount":"100.00","nominee_name":"Irene Vanessa","device":"USSD","request_date":"2022-07-07 20:38:34"}
{"service":"receiveMomoRequest","contestant_id":"2","channel":"mtn-gh","number":"0249591516","amount":"5.00","nominee_name":"Francisca","device":"USSD","request_date":"2022-07-07 20:47:43"}
{"service":"receiveMomoRequest","contestant_id":"7","channel":"mtn-gh","number":"0550638355","amount":"5.00","nominee_name":"Mimi","device":"USSD","request_date":"2022-07-07 21:10:20"}
{"service":"receiveMomoRequest","contestant_id":"3","channel":"vodafone-gh-ussd","number":"0207756295","amount":"10.00","nominee_name":"Irene Vanessa","device":"USSD","request_date":"2022-07-07 21:15:30"}
{"service":"receiveMomoRequest","contestant_id":"17","channel":"mtn-gh","number":"0553252548","amount":"5.00","nominee_name":"Cassie","device":"USSD","request_date":"2022-07-07 21:37:34"}
{"service":"receiveMomoRequest","contestant_id":"11","channel":"mtn-gh","number":"0543468800","amount":"100.00","nominee_name":"Florence","device":"USSD","request_date":"2022-07-07 21:52:19"}
{"service":"receiveMomoRequest","contestant_id":"11","channel":"mtn-gh","number":"0543468800","amount":"100.00","nominee_name":"Florence","device":"USSD","request_date":"2022-07-07 21:53:01"}
{"service":"receiveMomoRequest","contestant_id":"11","channel":"mtn-gh","number":"0543468800","amount":"100.00","nominee_name":"Florence","device":"USSD","request_date":"2022-07-07 21:54:00"}
