{"service":"receiveMomoRequest","contestant_id":"2","channel":"mtn-gh","number":"0249591516","amount":"1.00","nominee_name":"Francisca","device":"USSD","request_date":"2022-07-05 00:44:30"}
{"service":"receiveMomoRequest","contestant_id":"2","channel":"mtn-gh","number":"0249591516","amount":"1.00","nominee_name":"Francisca","device":"USSD","request_date":"2022-07-05 00:45:47"}
{"service":"receiveMomoRequest","contestant_id":"3","channel":"mtn-gh","number":"0244621869","amount":"10.00","nominee_name":"Irene Vanessa","device":"USSD","request_date":"2022-07-05 05:08:13"}
{"service":"receiveMomoRequest","contestant_id":"8","channel":"mtn-gh","number":"0249499834","amount":"100.00","nominee_name":"Miriam","device":"USSD","request_date":"2022-07-05 05:56:53"}
{"service":"receiveMomoRequest","contestant_id":"7","channel":"mtn-gh","number":"0244822414","amount":"10.00","nominee_name":"Mimi","device":"USSD","request_date":"2022-07-05 07:09:08"}
{"service":"receiveMomoRequest","contestant_id":"2","channel":"mtn-gh","number":"0244965579","amount":"5.00","nominee_name":"Francisca","device":"USSD","request_date":"2022-07-05 07:16:12"}
{"service":"receiveMomoRequest","contestant_id":"2","channel":"mtn-gh","number":"0244965579","amount":"5.00","nominee_name":"Francisca","device":"USSD","request_date":"2022-07-05 07:17:53"}
{"service":"receiveMomoRequest","contestant_id":"2","channel":"vodafone-gh-ussd","number":"0209322703","amount":"10.00","nominee_name":"Francisca","device":"USSD","request_date":"2022-07-05 07:23:41"}
{"service":"receiveMomoRequest","contestant_id":"2","channel":"vodafone-gh-ussd","number":"0209322703","amount":"10.00","nominee_name":"Francisca","device":"USSD","request_date":"2022-07-05 07:25:24"}
{"service":"receiveMomoRequest","contestant_id":"2","channel":"mtn-gh","number":"0245203808","amount":"1.00","nominee_name":"Francisca","device":"USSD","request_date":"2022-07-05 07:52:33"}
{"service":"receiveMomoRequest","contestant_id":"7","channel":"mtn-gh","number":"0556595847","amount":"50.00","nominee_name":"Mimi","device":"USSD","request_date":"2022-07-05 08:19:51"}
{"service":"receiveMomoRequest","contestant_id":"12","channel":"tigo-gh","number":"0572402554","amount":"100.00","nominee_name":"Dzifa","device":"USSD","request_date":"2022-07-05 09:50:15"}
{"service":"receiveMomoRequest","contestant_id":"12","channel":"mtn-gh","number":"0244890343","amount":"100.00","nominee_name":"Dzifa","device":"USSD","request_date":"2022-07-05 09:51:27"}
{"service":"receiveMomoRequest","contestant_id":"12","channel":"vodafone-gh-ussd","number":"0200921039","amount":"5.00","nominee_name":"Dzifa","device":"USSD","request_date":"2022-07-05 09:51:50"}
{"service":"receiveMomoRequest","contestant_id":"5","channel":"mtn-gh","number":"0551696496","amount":"1.00","nominee_name":"Emefa","device":"USSD","request_date":"2022-07-05 09:51:53"}
{"service":"receiveMomoRequest","contestant_id":"11","channel":"mtn-gh","number":"0242984772","amount":"1000.00","nominee_name":"Florence","device":"USSD","request_date":"2022-07-05 10:03:36"}
{"service":"receiveMomoRequest","contestant_id":"1","channel":"mtn-gh","number":"0592890428","amount":"1.00","nominee_name":"Baroness","device":"USSD","request_date":"2022-07-05 10:04:11"}
{"service":"receiveMomoRequest","contestant_id":"12","channel":"mtn-gh","number":"0597636568","amount":"1.00","nominee_name":"Dzifa","device":"USSD","request_date":"2022-07-05 10:23:55"}
{"service":"receiveMomoRequest","contestant_id":"2","channel":"vodafone-gh-ussd","number":"0202009492","amount":"5.00","nominee_name":"Francisca","device":"USSD","request_date":"2022-07-05 10:30:32"}
{"service":"receiveMomoRequest","contestant_id":"2","channel":"mtn-gh","number":"0240597727","amount":"5.00","nominee_name":"Francisca","device":"USSD","request_date":"2022-07-05 10:40:06"}
{"service":"receiveMomoRequest","contestant_id":"4","channel":"tigo-gh","number":"0275622508","amount":"5.00","nominee_name":"Rukayatu","device":"USSD","request_date":"2022-07-05 11:03:44"}
{"service":"receiveMomoRequest","contestant_id":"18","channel":"mtn-gh","number":"0246599305","amount":"10.00","nominee_name":"Rocklyn","device":"USSD","request_date":"2022-07-05 11:38:52"}
{"service":"receiveMomoRequest","contestant_id":"18","channel":"mtn-gh","number":"0246599305","amount":"5.00","nominee_name":"Rocklyn","device":"USSD","request_date":"2022-07-05 11:40:21"}
{"service":"receiveMomoRequest","contestant_id":"1","channel":"mtn-gh","number":"0540116637","amount":"1.00","nominee_name":"Baroness","device":"USSD","request_date":"2022-07-05 12:00:22"}
{"service":"receiveMomoRequest","contestant_id":"7","channel":"mtn-gh","number":"0557831210","amount":"50.00","nominee_name":"Mimi","device":"USSD","request_date":"2022-07-05 12:07:50"}
{"service":"receiveMomoRequest","contestant_id":"3","channel":"mtn-gh","number":"0543221619","amount":"10.00","nominee_name":"Irene Vanessa","device":"USSD","request_date":"2022-07-05 12:10:13"}
{"service":"receiveMomoRequest","contestant_id":"8","channel":"mtn-gh","number":"0547811715","amount":"10.00","nominee_name":"Miriam","device":"USSD","request_date":"2022-07-05 12:21:25"}
{"service":"receiveMomoRequest","contestant_id":"8","channel":"mtn-gh","number":"0547811715","amount":"10.00","nominee_name":"Miriam","device":"USSD","request_date":"2022-07-05 12:23:42"}
{"service":"receiveMomoRequest","contestant_id":"12","channel":"mtn-gh","number":"0244303377","amount":"50.00","nominee_name":"Dzifa","device":"USSD","request_date":"2022-07-05 12:25:41"}
{"service":"receiveMomoRequest","contestant_id":"8","channel":"mtn-gh","number":"0547811715","amount":"10.00","nominee_name":"Miriam","device":"USSD","request_date":"2022-07-05 12:31:07"}
{"service":"receiveMomoRequest","contestant_id":"17","channel":"mtn-gh","number":"0241190491","amount":"10.00","nominee_name":"Cassie","device":"USSD","request_date":"2022-07-05 12:45:45"}
{"service":"receiveMomoRequest","contestant_id":"7","channel":"mtn-gh","number":"0244014288","amount":"10.00","nominee_name":"Mimi","device":"USSD","request_date":"2022-07-05 12:51:45"}
{"service":"receiveMomoRequest","contestant_id":"7","channel":"mtn-gh","number":"0557831210","amount":"100.00","nominee_name":"Mimi","device":"USSD","request_date":"2022-07-05 13:21:16"}
{"service":"receiveMomoRequest","contestant_id":"7","channel":"mtn-gh","number":"0244014288","amount":"10.00","nominee_name":"Mimi","device":"USSD","request_date":"2022-07-05 13:33:59"}
{"service":"receiveMomoRequest","contestant_id":"13","channel":"mtn-gh","number":"0241400460","amount":"10.00","nominee_name":"Angela","device":"USSD","request_date":"2022-07-05 13:50:07"}
{"service":"receiveMomoRequest","contestant_id":"7","channel":"mtn-gh","number":"0245153448","amount":"5.00","nominee_name":"Mimi","device":"USSD","request_date":"2022-07-05 13:54:44"}
{"service":"receiveMomoRequest","contestant_id":"12","channel":"mtn-gh","number":"0244890343","amount":"100.00","nominee_name":"Dzifa","device":"USSD","request_date":"2022-07-05 14:06:53"}
{"service":"receiveMomoRequest","contestant_id":"7","channel":"mtn-gh","number":"0244014288","amount":"10.00","nominee_name":"Mimi","device":"USSD","request_date":"2022-07-05 14:15:22"}
{"service":"receiveMomoRequest","contestant_id":"7","channel":"mtn-gh","number":"0552247712","amount":"5.00","nominee_name":"Mimi","device":"USSD","request_date":"2022-07-05 14:20:40"}
{"service":"receiveMomoRequest","contestant_id":"15","channel":"mtn-gh","number":"0549758801","amount":"10.00","nominee_name":"Esi","device":"USSD","request_date":"2022-07-05 14:28:16"}
{"service":"receiveMomoRequest","contestant_id":"5","channel":"mtn-gh","number":"0554491684","amount":"100.00","nominee_name":"Emefa","device":"USSD","request_date":"2022-07-05 14:28:58"}
{"service":"receiveMomoRequest","contestant_id":"5","channel":"mtn-gh","number":"0554491684","amount":"50.00","nominee_name":"Emefa","device":"USSD","request_date":"2022-07-05 14:29:31"}
{"service":"receiveMomoRequest","contestant_id":"5","channel":"mtn-gh","number":"0554491684","amount":"10.00","nominee_name":"Emefa","device":"USSD","request_date":"2022-07-05 14:30:12"}
{"service":"receiveMomoRequest","contestant_id":"5","channel":"mtn-gh","number":"0554491684","amount":"10.00","nominee_name":"Emefa","device":"USSD","request_date":"2022-07-05 14:30:41"}
{"service":"receiveMomoRequest","contestant_id":"5","channel":"mtn-gh","number":"0554491684","amount":"10.00","nominee_name":"Emefa","device":"USSD","request_date":"2022-07-05 14:31:18"}
{"service":"receiveMomoRequest","contestant_id":"7","channel":"mtn-gh","number":"0541713535","amount":"1.00","nominee_name":"Mimi","device":"USSD","request_date":"2022-07-05 14:59:31"}
{"service":"receiveMomoRequest","contestant_id":"7","channel":"mtn-gh","number":"0541713535","amount":"1.00","nominee_name":"Mimi","device":"USSD","request_date":"2022-07-05 15:01:09"}
{"service":"receiveMomoRequest","contestant_id":"8","channel":"mtn-gh","number":"0548728003","amount":"10.00","nominee_name":"Miriam","device":"USSD","request_date":"2022-07-05 15:25:22"}
{"service":"receiveMomoRequest","contestant_id":"17","channel":"mtn-gh","number":"0593106081","amount":"5.00","nominee_name":"Cassie","device":"USSD","request_date":"2022-07-05 16:06:19"}
{"service":"receiveMomoRequest","contestant_id":"17","channel":"mtn-gh","number":"0541706115","amount":"5.00","nominee_name":"Cassie","device":"USSD","request_date":"2022-07-05 16:15:10"}
{"service":"receiveMomoRequest","contestant_id":"17","channel":"mtn-gh","number":"0550773761","amount":"5.00","nominee_name":"Cassie","device":"USSD","request_date":"2022-07-05 16:31:14"}
{"service":"receiveMomoRequest","contestant_id":"17","channel":"mtn-gh","number":"0550773761","amount":"5.00","nominee_name":"Cassie","device":"USSD","request_date":"2022-07-05 16:36:40"}
{"service":"receiveMomoRequest","contestant_id":"13","channel":"mtn-gh","number":"0549961005","amount":"5.00","nominee_name":"Angela","device":"USSD","request_date":"2022-07-05 16:50:03"}
{"service":"receiveMomoRequest","contestant_id":"18","channel":"mtn-gh","number":"0244771484","amount":"10.00","nominee_name":"Rocklyn","device":"USSD","request_date":"2022-07-05 17:00:14"}
{"service":"receiveMomoRequest","contestant_id":"18","channel":"mtn-gh","number":"0244771484","amount":"10.00","nominee_name":"Rocklyn","device":"USSD","request_date":"2022-07-05 17:01:00"}
{"service":"receiveMomoRequest","contestant_id":"3","channel":"mtn-gh","number":"0244707797","amount":"50.00","nominee_name":"Irene Vanessa","device":"USSD","request_date":"2022-07-05 18:05:27"}
{"service":"receiveMomoRequest","contestant_id":"8","channel":"mtn-gh","number":"0599449106","amount":"1.00","nominee_name":"Miriam","device":"USSD","request_date":"2022-07-05 21:21:07"}
{"service":"receiveMomoRequest","contestant_id":"13","channel":"mtn-gh","number":"0559682687","amount":"10.00","nominee_name":"Angela","device":"USSD","request_date":"2022-07-05 21:26:42"}
{"service":"receiveMomoRequest","contestant_id":"13","channel":"mtn-gh","number":"0559682687","amount":"10.00","nominee_name":"Angela","device":"USSD","request_date":"2022-07-05 21:27:19"}
{"service":"receiveMomoRequest","contestant_id":"8","channel":"mtn-gh","number":"0554865717","amount":"1.00","nominee_name":"Miriam","device":"USSD","request_date":"2022-07-05 21:38:06"}
{"service":"receiveMomoRequest","contestant_id":"5","channel":"mtn-gh","number":"0596440302","amount":"1000.00","nominee_name":"Emefa","device":"USSD","request_date":"2022-07-05 21:48:35"}
{"service":"receiveMomoRequest","contestant_id":"17","channel":"mtn-gh","number":"0559607890","amount":"100.00","nominee_name":"Cassie","device":"USSD","request_date":"2022-07-05 21:58:03"}
{"service":"receiveMomoRequest","contestant_id":"17","channel":"mtn-gh","number":"0559607890","amount":null,"nominee_name":"Cassie","device":"USSD","request_date":"2022-07-05 21:58:41"}
{"service":"receiveMomoRequest","contestant_id":"7","channel":"mtn-gh","number":"0246578933","amount":"100.00","nominee_name":"Mimi","device":"USSD","request_date":"2022-07-05 21:58:43"}
{"service":"receiveMomoRequest","contestant_id":"7","channel":"mtn-gh","number":"0246578933","amount":"10.00","nominee_name":"Mimi","device":"USSD","request_date":"2022-07-05 22:01:30"}
{"service":"receiveMomoRequest","contestant_id":"2","channel":"mtn-gh","number":"0242161110","amount":"100.00","nominee_name":"Francisca","device":"USSD","request_date":"2022-07-05 22:06:39"}
{"service":"receiveMomoRequest","contestant_id":"2","channel":"mtn-gh","number":"0242161110","amount":"100.00","nominee_name":"Francisca","device":"USSD","request_date":"2022-07-05 22:10:31"}
{"service":"receiveMomoRequest","contestant_id":"6","channel":"mtn-gh","number":"0543645688","amount":"1.00","nominee_name":"Rebecca","device":"USSD","request_date":"2022-07-05 22:14:18"}
{"service":"receiveMomoRequest","contestant_id":"8","channel":"mtn-gh","number":"0599600608","amount":"10.00","nominee_name":"Miriam","device":"USSD","request_date":"2022-07-05 22:23:38"}
